<?xml version="1.0" encoding="UTF-8"?>
<!-- Generated by org.testng.reporters.JUnitReportReporter -->
<testsuite hostname="DhruvakC" failures="0" tests="1" name="k_pkgSignInVrfcnPOMTestNGExtentReport.SignInPOMExtentReport" time="15.476" errors="0" timestamp="2020-09-11T15:37:04 IST" skipped="0">
  <testcase classname="k_pkgSignInVrfcnPOMTestNGExtentReport.SignInPOMExtentReport" name="signInVerification" time="15.476"/>
  <system-out/>
</testsuite> <!-- k_pkgSignInVrfcnPOMTestNGExtentReport.SignInPOMExtentReport -->
