<?xml version="1.0" encoding="UTF-8"?>
<!-- Generated by org.testng.reporters.JUnitReportReporter -->
<testsuite hostname="DhruvakC" failures="0" tests="1" name="l_pkgSampleTestThroughKatalonStudioEAsiteLogin.SampleTestCaseKatalonStudioChromeExtension" time="33.099" errors="0" timestamp="2020-09-11T18:11:13 IST" skipped="0">
  <testcase classname="l_pkgSampleTestThroughKatalonStudioEAsiteLogin.SampleTestCaseKatalonStudioChromeExtension" name="testSampleTestCaseKatalonStudioChromeExtension" time="33.099"/>
  <system-out/>
</testsuite> <!-- l_pkgSampleTestThroughKatalonStudioEAsiteLogin.SampleTestCaseKatalonStudioChromeExtension -->
