<?xml version="1.0" encoding="UTF-8"?>
<!-- Generated by org.testng.reporters.JUnitReportReporter -->
<testsuite hostname="DhruvakC" failures="0" tests="1" name="thirdPkgBrowseWebsiteThroughPropertiesFile.BrowseWebsiteProperties" time="9.964" errors="0" timestamp="2020-09-09T20:40:18 IST" skipped="0">
  <testcase classname="thirdPkgBrowseWebsiteThroughPropertiesFile.BrowseWebsiteProperties" name="openBrowser" time="9.964"/>
  <system-out/>
</testsuite> <!-- thirdPkgBrowseWebsiteThroughPropertiesFile.BrowseWebsiteProperties -->
