<?xml version="1.0" encoding="UTF-8"?>
<!-- Generated by org.testng.reporters.JUnitReportReporter -->
<testsuite hostname="DhruvakC" failures="0" tests="1" name="f_fifthPkgBrowseWebsiteThroughPOM.browseWebsiteThroughPOM" time="13.120" errors="0" timestamp="2020-09-10T13:30:50 IST" skipped="0">
  <testcase classname="f_fifthPkgBrowseWebsiteThroughPOM.browseWebsiteThroughPOM" name="browseWebsite" time="13.120"/>
  <system-out/>
</testsuite> <!-- f_fifthPkgBrowseWebsiteThroughPOM.browseWebsiteThroughPOM -->
