<?xml version="1.0" encoding="UTF-8"?>
<!-- Generated by org.testng.reporters.JUnitReportReporter -->
<testsuite hostname="DhruvakC" failures="0" tests="1" name="firstPackageMavenVerification.HelloDhoni" time="0.013" errors="0" timestamp="2020-09-09T18:01:09 IST" skipped="0">
  <testcase classname="firstPackageMavenVerification.HelloDhoni" name="firstRun" time="0.013"/>
  <system-out/>
</testsuite> <!-- firstPackageMavenVerification.HelloDhoni -->
