<?xml version="1.0" encoding="UTF-8"?>
<!-- Generated by org.testng.reporters.JUnitReportReporter -->
<testsuite hostname="DhruvakC" failures="0" tests="1" name="j_pkgSignInVrfcnPOMTestNGLog4j.SignInPOMLog4j" time="13.806" errors="0" timestamp="2020-09-10T23:46:11 IST" skipped="0">
  <testcase classname="j_pkgSignInVrfcnPOMTestNGLog4j.SignInPOMLog4j" name="signInVerification" time="13.806"/>
  <system-out/>
</testsuite> <!-- j_pkgSignInVrfcnPOMTestNGLog4j.SignInPOMLog4j -->
