<?xml version="1.0" encoding="UTF-8"?>
<!-- Generated by org.testng.reporters.JUnitReportReporter -->
<testsuite hostname="DhruvakC" failures="0" tests="1" name="i_pkgSignInPageVerificationPOMTestNGAnnotations.SignInPOMTestNGAnnotations" time="12.926" errors="0" timestamp="2020-09-10T18:21:37 IST" skipped="0">
  <testcase classname="i_pkgSignInPageVerificationPOMTestNGAnnotations.SignInPOMTestNGAnnotations" name="signInVerification" time="12.926"/>
  <system-out/>
</testsuite> <!-- i_pkgSignInPageVerificationPOMTestNGAnnotations.SignInPOMTestNGAnnotations -->
