<?xml version="1.0" encoding="UTF-8"?>
<!-- Generated by org.testng.reporters.JUnitReportReporter -->
<testsuite hostname="DhruvakC" failures="0" tests="1" name="e_fifthPkgBrowseWebsiteSignInPageVerification.SignInPageVerification" time="14.079" errors="0" timestamp="2020-09-10T14:52:07 IST" skipped="0">
  <testcase classname="e_fifthPkgBrowseWebsiteSignInPageVerification.SignInPageVerification" name="openBrowser" time="14.079"/>
  <system-out/>
</testsuite> <!-- e_fifthPkgBrowseWebsiteSignInPageVerification.SignInPageVerification -->
