<?xml version="1.0" encoding="UTF-8"?>
<!-- Generated by org.testng.reporters.JUnitReportReporter -->
<testsuite hostname="DhruvakC" failures="0" tests="1" name="f_fifthPkgBrowseWebsiteSignInPageVerfcnPOM.SignInPageVerificationThroughPOM" time="11.569" errors="0" timestamp="2020-09-10T08:31:34 IST" skipped="0">
  <testcase classname="f_fifthPkgBrowseWebsiteSignInPageVerfcnPOM.SignInPageVerificationThroughPOM" name="signInVerification" time="11.569"/>
  <system-out/>
</testsuite> <!-- f_fifthPkgBrowseWebsiteSignInPageVerfcnPOM.SignInPageVerificationThroughPOM -->
