<?xml version="1.0" encoding="UTF-8"?>
<!-- Generated by org.testng.reporters.JUnitReportReporter -->
<testsuite hostname="DhruvakC" failures="0" tests="1" name="dforthPkgBrowseWebsiteThroughWebdriverManager.BrowseWebsiteWebDriver" time="19.039" errors="0" timestamp="2020-09-09T22:35:52 IST" skipped="0">
  <testcase classname="dforthPkgBrowseWebsiteThroughWebdriverManager.BrowseWebsiteWebDriver" name="openBrowser" time="19.039"/>
  <system-out/>
</testsuite> <!-- dforthPkgBrowseWebsiteThroughWebdriverManager.BrowseWebsiteWebDriver -->
