<?xml version="1.0" encoding="UTF-8"?>
<!-- Generated by org.testng.reporters.JUnitReportReporter -->
<testsuite hostname="DhruvakC" failures="0" tests="1" name="e_fifthPkgBrowseWebsiteSignInPageVerification.SignInPageVerification" time="13.219" errors="0" timestamp="2020-09-12T19:59:17 IST" skipped="0">
  <testcase classname="e_fifthPkgBrowseWebsiteSignInPageVerification.SignInPageVerification" name="openBrowser" time="13.219"/>
  <system-out/>
</testsuite> <!-- e_fifthPkgBrowseWebsiteSignInPageVerification.SignInPageVerification -->
