<?xml version="1.0" encoding="UTF-8"?>
<!-- Generated by org.testng.reporters.JUnitReportReporter -->
<testsuite hostname="DhruvakC" failures="0" tests="1" name="d_forthPkgBrowseWebsiteThroughWebdriverManager.BrowseWebsiteWebDriver" time="17.094" errors="0" timestamp="2020-09-12T15:35:51 IST" skipped="0">
  <testcase classname="d_forthPkgBrowseWebsiteThroughWebdriverManager.BrowseWebsiteWebDriver" name="openBrowser" time="17.094"/>
  <system-out/>
</testsuite> <!-- d_forthPkgBrowseWebsiteThroughWebdriverManager.BrowseWebsiteWebDriver -->
