<?xml version="1.0" encoding="UTF-8"?>
<!-- Generated by org.testng.reporters.JUnitReportReporter -->
<testsuite hostname="DhruvakC" failures="0" tests="2" name="secondPkgThroughPOM.HomePage" time="57.576" errors="0" timestamp="2020-09-09T19:40:33 IST" skipped="0">
  <testcase classname="secondPkgThroughPOM.HomePage" name="openFireFoxBrowser" time="47.690"/>
  <system-out/>
  <testcase classname="secondPkgThroughPOM.HomePage" name="openChromeBrowser" time="9.886"/>
  <system-out/>
</testsuite> <!-- secondPkgThroughPOM.HomePage -->
