<?xml version="1.0" encoding="UTF-8"?>
<!-- Generated by org.testng.reporters.JUnitReportReporter -->
<testsuite hostname="DhruvakC" failures="0" tests="1" name="h_seventhPkgSignInPageVerificationThroughPOMFurnished.SignInThroughPOMFurnished" time="49.289" errors="0" timestamp="2020-09-10T15:42:55 IST" skipped="0">
  <testcase classname="h_seventhPkgSignInPageVerificationThroughPOMFurnished.SignInThroughPOMFurnished" name="browseWebsite" time="49.289"/>
  <system-out/>
</testsuite> <!-- h_seventhPkgSignInPageVerificationThroughPOMFurnished.SignInThroughPOMFurnished -->
